<?xml version="1.0" encoding="UTF-8"?>
<testng-results ignored="0" total="1" passed="1" failed="0" skipped="0">
  <reporter-output>
  </reporter-output>
  <suite started-at="2022-05-21T22:14:17 EDT" name="Default suite" finished-at="2022-05-21T22:14:24 EDT" duration-ms="6288">
    <groups>
    </groups>
    <test started-at="2022-05-21T22:14:17 EDT" name="Default test" finished-at="2022-05-21T22:14:24 EDT" duration-ms="6288">
      <class name="test.AddContactTest">
        <test-method signature="validUserShouldBeAbleToSave()[pri:0, instance:test.AddContactTest@2e222612]" started-at="2022-05-21T22:14:17 EDT" name="validUserShouldBeAbleToSave" finished-at="2022-05-21T22:14:24 EDT" duration-ms="6249" status="PASS">
          <reporter-output>
          </reporter-output>
        </test-method> <!-- validUserShouldBeAbleToSave -->
      </class> <!-- test.AddContactTest -->
    </test> <!-- Default test -->
  </suite> <!-- Default suite -->
</testng-results>
